-------------------------------------------------------------------------------
Test set: ch.sourcepond.integrationtest.ExecutionTest
-------------------------------------------------------------------------------
Tests run: 1, Failures: 1, Errors: 0, Skipped: 0, Time elapsed: 0.097 sec <<< FAILURE! - in ch.sourcepond.integrationtest.ExecutionTest
ch.sourcepond.integrationtest.ExecutionTest  Time elapsed: 0.095 sec  <<< FAILURE!
java.lang.AssertionError: Environment variable M2_HOME must be set

