-------------------------------------------------------------------------------
Test set: ch.sourcepond.integrationtest.HelpTest
-------------------------------------------------------------------------------
Tests run: 1, Failures: 0, Errors: 1, Skipped: 0, Time elapsed: 0.001 sec <<< FAILURE! - in ch.sourcepond.integrationtest.HelpTest
ch.sourcepond.integrationtest.HelpTest  Time elapsed: 0.001 sec  <<< ERROR!
java.lang.NoClassDefFoundError: Could not initialize class ch.sourcepond.integrationtest.utils.MvnRunner

