-------------------------------------------------------------------------------
Test set: ch.sourcepond.integrationtest.NestedModulesVersionSubstitutionTest
-------------------------------------------------------------------------------
Tests run: 1, Failures: 0, Errors: 1, Skipped: 0, Time elapsed: 0 sec <<< FAILURE! - in ch.sourcepond.integrationtest.NestedModulesVersionSubstitutionTest
ch.sourcepond.integrationtest.NestedModulesVersionSubstitutionTest  Time elapsed: 0 sec  <<< ERROR!
java.lang.NoClassDefFoundError: Could not initialize class ch.sourcepond.integrationtest.utils.MvnRunner

